<?xml version="1.0" encoding="UTF-8"?>
<testng-results ignored="0" total="1" passed="1" failed="0" skipped="0">
  <reporter-output>
  </reporter-output>
  <suite started-at="2025-06-29T11:20:32 IST" name="Default suite" finished-at="2025-06-29T11:20:37 IST" duration-ms="4474">
    <groups>
    </groups>
    <test started-at="2025-06-29T11:20:32 IST" name="Default test" finished-at="2025-06-29T11:20:37 IST" duration-ms="4474">
      <class name="com.RestAssured.L1GetMethod">
        <test-method signature="getAllStore()[pri:0, instance:com.RestAssured.L1GetMethod@611889f4]" started-at="2025-06-29T11:20:32 IST" name="getAllStore" finished-at="2025-06-29T11:20:36 IST" duration-ms="4349" status="PASS">
          <reporter-output>
          </reporter-output>
        </test-method> <!-- getAllStore -->
      </class> <!-- com.RestAssured.L1GetMethod -->
    </test> <!-- Default test -->
  </suite> <!-- Default suite -->
</testng-results>
